Flutter crash report; please file at https://github.com/flutter/flutter/issues.

## command

flutter build bundle --target /home/suryadev/AndroidStudioProjects/httpbloc/lib/main.dart --target-platform android-arm64 --filesystem-scheme org-dartlang-root --track-widget-creation --depfile /home/suryadev/AndroidStudioProjects/httpbloc/build/app/intermediates/flutter/debug/android-arm64/snapshot_blob.bin.d --asset-dir /home/suryadev/AndroidStudioProjects/httpbloc/build/app/intermediates/flutter/debug/android-arm64/flutter_assets --debug

## exception

NoSuchMethodError: NoSuchMethodError: The getter 'stderr' was called on null.
Receiver: null
Tried calling: stderr

```
#0      Object.noSuchMethod (dart:core-patch/object_patch.dart:51:5)
#1      KernelCompiler.compile (package:flutter_tools/src/compile.dart:305:12)
<asynchronous suspension>
#2      BundleBuilder.build (package:flutter_tools/src/bundle.dart:86:66)
<asynchronous suspension>
#3      BuildBundleCommand.runCommand (package:flutter_tools/src/commands/build_bundle.dart:119:25)
<asynchronous suspension>
#4      FlutterCommand.verifyThenRunCommand (package:flutter_tools/src/runner/flutter_command.dart:490:18)
<asynchronous suspension>
#5      FlutterCommand.run.<anonymous closure> (package:flutter_tools/src/runner/flutter_command.dart:407:33)
<asynchronous suspension>
#6      AppContext.run.<anonymous closure> (package:flutter_tools/src/base/context.dart:154:29)
<asynchronous suspension>
#7      _rootRun (dart:async/zone.dart:1124:13)
#8      _CustomZone.run (dart:async/zone.dart:1021:19)
#9      _runZoned (dart:async/zone.dart:1516:10)
#10     runZoned (dart:async/zone.dart:1463:12)
#11     AppContext.run (package:flutter_tools/src/base/context.dart:153:18)
<asynchronous suspension>
#12     FlutterCommand.run (package:flutter_tools/src/runner/flutter_command.dart:397:20)
#13     CommandRunner.runCommand (package:args/command_runner.dart:197:27)
<asynchronous suspension>
#14     FlutterCommandRunner.runCommand.<anonymous closure> (package:flutter_tools/src/runner/flutter_command_runner.dart:402:21)
<asynchronous suspension>
#15     AppContext.run.<anonymous closure> (package:flutter_tools/src/base/context.dart:154:29)
<asynchronous suspension>
#16     _rootRun (dart:async/zone.dart:1124:13)
#17     _CustomZone.run (dart:async/zone.dart:1021:19)
#18     _runZoned (dart:async/zone.dart:1516:10)
#19     runZoned (dart:async/zone.dart:1463:12)
#20     AppContext.run (package:flutter_tools/src/base/context.dart:153:18)
<asynchronous suspension>
#21     FlutterCommandRunner.runCommand (package:flutter_tools/src/runner/flutter_command_runner.dart:356:19)
<asynchronous suspension>
#22     CommandRunner.run.<anonymous closure> (package:args/command_runner.dart:112:25)
#23     new Future.sync (dart:async/future.dart:224:31)
#24     CommandRunner.run (package:args/command_runner.dart:112:14)
#25     FlutterCommandRunner.run (package:flutter_tools/src/runner/flutter_command_runner.dart:242:18)
#26     run.<anonymous closure>.<anonymous closure> (package:flutter_tools/runner.dart:63:22)
<asynchronous suspension>
#27     _rootRun (dart:async/zone.dart:1124:13)
#28     _CustomZone.run (dart:async/zone.dart:1021:19)
#29     _runZoned (dart:async/zone.dart:1516:10)
#30     runZoned (dart:async/zone.dart:1500:12)
#31     run.<anonymous closure> (package:flutter_tools/runner.dart:61:18)
<asynchronous suspension>
#32     AppContext.run.<anonymous closure> (package:flutter_tools/src/base/context.dart:154:29)
<asynchronous suspension>
#33     _rootRun (dart:async/zone.dart:1124:13)
#34     _CustomZone.run (dart:async/zone.dart:1021:19)
#35     _runZoned (dart:async/zone.dart:1516:10)
#36     runZoned (dart:async/zone.dart:1463:12)
#37     AppContext.run (package:flutter_tools/src/base/context.dart:153:18)
<asynchronous suspension>
#38     runInContext (package:flutter_tools/src/context_runner.dart:59:24)
<asynchronous suspension>
#39     run (package:flutter_tools/runner.dart:50:10)
#40     main (package:flutter_tools/executable.dart:65:9)
<asynchronous suspension>
#41     main (file:///home/suryadev/Downloads/flutter_linux_v1.9.1+hotfix.4-stable/flutter/packages/flutter_tools/bin/flutter_tools.dart:8:3)
#42     _startIsolate.<anonymous closure> (dart:isolate-patch/isolate_patch.dart:303:32)
#43     _RawReceivePortImpl._handleMessage (dart:isolate-patch/isolate_patch.dart:172:12)
```

## flutter doctor

```
encountered exception: ProcessException: OS error message was a not a utf8 string.
  Command: /snap/android-studio/80/android-studio/jre/bin/java -version

#0      _ProcessImpl._runAndWait (dart:io-patch/process_patch.dart:496:7)
#1      _runNonInteractiveProcessSync (dart:io-patch/process_patch.dart:641:18)
#2      Process.runSync (dart:io-patch/process_patch.dart:66:12)
#3      LocalProcessManager.runSync (package:process/src/interface/local_process_manager.dart:93:20)
#4      AndroidStudio._init (package:flutter_tools/src/android/android_studio.dart:293:51)
#5      new AndroidStudio (package:flutter_tools/src/android/android_studio.dart:39:5)
#6      new AndroidStudio.fromHomeDot (package:flutter_tools/src/android/android_studio.dart:95:14)
#7      AndroidStudio._allLinuxOrWindows (package:flutter_tools/src/android/android_studio.dart:237:54)
#8      AndroidStudio.allInstalled (package:flutter_tools/src/android/android_studio.dart:170:40)
#9      AndroidStudioValidator.allValidators (package:flutter_tools/src/android/android_studio_validator.dart:20:55)
#10     _DefaultDoctorValidatorsProvider.validators (package:flutter_tools/src/doctor.dart:63:35)
#11     Doctor.validators (package:flutter_tools/src/doctor.dart:132:46)
#12     Doctor.startValidatorTasks (package:flutter_tools/src/doctor.dart:139:39)
#13     Doctor.diagnose (package:flutter_tools/src/doctor.dart:211:41)
<asynchronous suspension>
#14     _doctorText.<anonymous closure> (package:flutter_tools/runner.dart:202:26)
#15     AppContext.run.<anonymous closure> (package:flutter_tools/src/base/context.dart:154:29)
<asynchronous suspension>
#16     _rootRun (dart:async/zone.dart:1124:13)
#17     _CustomZone.run (dart:async/zone.dart:1021:19)
#18     _runZoned (dart:async/zone.dart:1516:10)
#19     runZoned (dart:async/zone.dart:1463:12)
#20     AppContext.run (package:flutter_tools/src/base/context.dart:153:18)
<asynchronous suspension>
#21     _doctorText (package:flutter_tools/runner.dart:201:19)
<asynchronous suspension>
#22     _createLocalCrashReport (package:flutter_tools/runner.dart:179:32)
<asynchronous suspension>
#23     _handleToolError (package:flutter_tools/runner.dart:134:33)
<asynchronous suspension>
#24     run.<anonymous closure>.<anonymous closure> (package:flutter_tools/runner.dart:68:22)
<asynchronous suspension>
#25     _rootRun (dart:async/zone.dart:1124:13)
#26     _CustomZone.run (dart:async/zone.dart:1021:19)
#27     _runZoned (dart:async/zone.dart:1516:10)
#28     runZoned (dart:async/zone.dart:1500:12)
#29     run.<anonymous closure> (package:flutter_tools/runner.dart:61:18)
<asynchronous suspension>
#30     AppContext.run.<anonymous closure> (package:flutter_tools/src/base/context.dart:154:29)
<asynchronous suspension>
#31     _rootRun (dart:async/zone.dart:1124:13)
#32     _CustomZone.run (dart:async/zone.dart:1021:19)
#33     _runZoned (dart:async/zone.dart:1516:10)
#34     runZoned (dart:async/zone.dart:1463:12)
#35     AppContext.run (package:flutter_tools/src/base/context.dart:153:18)
<asynchronous suspension>
#36     runInContext (package:flutter_tools/src/context_runner.dart:59:24)
<asynchronous suspension>
#37     run (package:flutter_tools/runner.dart:50:10)
#38     main (package:flutter_tools/executable.dart:65:9)
<asynchronous suspension>
#39     main (file:///home/suryadev/Downloads/flutter_linux_v1.9.1+hotfix.4-stable/flutter/packages/flutter_tools/bin/flutter_tools.dart:8:3)
#40     _startIsolate.<anonymous closure> (dart:isolate-patch/isolate_patch.dart:303:32)
#41     _RawReceivePortImpl._handleMessage (dart:isolate-patch/isolate_patch.dart:172:12)
```
